C:\USERS\MKDESEN02\DOCUMENTS\PHYSICS2D_TCC\COLISAOTCC\DEBUG\BALL.OBJ
C:\USERS\MKDESEN02\DOCUMENTS\PHYSICS2D_TCC\COLISAOTCC\DEBUG\BOX2DEX.OBJ
C:\USERS\MKDESEN02\DOCUMENTS\PHYSICS2D_TCC\COLISAOTCC\DEBUG\CORE.OBJ
C:\USERS\MKDESEN02\DOCUMENTS\PHYSICS2D_TCC\COLISAOTCC\DEBUG\GAMEOBJECT.OBJ
C:\USERS\MKDESEN02\DOCUMENTS\PHYSICS2D_TCC\COLISAOTCC\DEBUG\GRADEUNIFORME.OBJ
C:\USERS\MKDESEN02\DOCUMENTS\PHYSICS2D_TCC\COLISAOTCC\DEBUG\MAIN.OBJ
C:\USERS\MKDESEN02\DOCUMENTS\PHYSICS2D_TCC\COLISAOTCC\DEBUG\QUADTREE.OBJ
C:\USERS\MKDESEN02\DOCUMENTS\PHYSICS2D_TCC\COLISAOTCC\DEBUG\SCENE.OBJ
C:\USERS\MKDESEN02\DOCUMENTS\PHYSICS2D_TCC\COLISAOTCC\DEBUG\VECTOR.OBJ
C:\USERS\MKDESEN02\DOCUMENTS\PHYSICS2D_TCC\COLISAOTCC\DEBUG\VC110.PDB
䍞尺獕牥屳䭍敄敳の尲潄畣敭瑮屳桐獹捩㉳彄䍔屃潃楬慳呯䍃䍜汯獩潡䍔⹃捶灸潲൪䌊尺獕牥屳䭍敄敳の尲潄畣敭瑮屳桐獹捩㉳彄䍔屃潃楬慳呯䍃䑜扥杵䍜汯獩潡䍔⹃敒潳牵散爮獥畯捲獥਍䍞尺獕牥屳䭍敄敳の尲潄畣敭瑮屳桐獹捩㉳彄䍔屃潃楬慳呯䍃䍜汯獩潡䍔⹃捶灸潲൪䌊尺獕牥屳䭍敄敳の尲潄畣敭瑮屳桐獹捩㉳彄䍔屃潃楬慳呯䍃䑜扥杵䍜汯獩潡䍔⹃敒潳牵散爮獥畯捲獥਍
C:\USERS\MKDESEN02\DOCUMENTS\PHYSICS2D_TCC\DEBUG\COLISAOTCC.ILK
C:\USERS\MKDESEN02\DOCUMENTS\PHYSICS2D_TCC\DEBUG\COLISAOTCC.EXE
C:\USERS\MKDESEN02\DOCUMENTS\PHYSICS2D_TCC\DEBUG\COLISAOTCC.PDB
C:\Users\MKDesen02\Documents\Physics2D_TCC\ColisaoTCC\Debug\ColisaoTCC.vcxproj.GenerateResource.Cache
C:\Users\MKDesen02\Documents\Physics2D_TCC\ColisaoTCC\Debug\Ball.obj
C:\Users\MKDesen02\Documents\Physics2D_TCC\ColisaoTCC\Debug\Box2DeX.obj
C:\Users\MKDesen02\Documents\Physics2D_TCC\ColisaoTCC\Debug\Core.obj
C:\Users\MKDesen02\Documents\Physics2D_TCC\ColisaoTCC\Debug\GameObject.obj
C:\Users\MKDesen02\Documents\Physics2D_TCC\ColisaoTCC\Debug\GradeUniforme.obj
C:\Users\MKDesen02\Documents\Physics2D_TCC\ColisaoTCC\Debug\main.obj
C:\Users\MKDesen02\Documents\Physics2D_TCC\ColisaoTCC\Debug\QuadTree.obj
C:\Users\MKDesen02\Documents\Physics2D_TCC\ColisaoTCC\Debug\Scene.obj
C:\Users\MKDesen02\Documents\Physics2D_TCC\ColisaoTCC\Debug\Vector.obj
C:\Users\MKDesen02\Documents\Physics2D_TCC\ColisaoTCC\Debug\ColisaoTCC.Resource.resources
C:\Users\MKDesen02\Documents\Physics2D_TCC\ColisaoTCC\Debug\cl.command.1.tlog
C:\Users\MKDesen02\Documents\Physics2D_TCC\ColisaoTCC\Debug\CL.read.1.tlog
C:\Users\MKDesen02\Documents\Physics2D_TCC\ColisaoTCC\Debug\CL.write.1.tlog
C:\Users\MKDesen02\Documents\Physics2D_TCC\ColisaoTCC\Debug\ColisaoTCC.write.1.tlog
C:\Users\MKDesen02\Documents\Physics2D_TCC\ColisaoTCC\Debug\link-cvtres.read.1.tlog
C:\Users\MKDesen02\Documents\Physics2D_TCC\ColisaoTCC\Debug\link-cvtres.write.1.tlog
C:\Users\MKDesen02\Documents\Physics2D_TCC\ColisaoTCC\Debug\link-rc.read.1.tlog
C:\Users\MKDesen02\Documents\Physics2D_TCC\ColisaoTCC\Debug\link-rc.write.1.tlog
C:\Users\MKDesen02\Documents\Physics2D_TCC\ColisaoTCC\Debug\link.3748-cvtres.read.1.tlog
C:\Users\MKDesen02\Documents\Physics2D_TCC\ColisaoTCC\Debug\link.3748-cvtres.write.1.tlog
C:\Users\MKDesen02\Documents\Physics2D_TCC\ColisaoTCC\Debug\link.3748-rc.read.1.tlog
C:\Users\MKDesen02\Documents\Physics2D_TCC\ColisaoTCC\Debug\link.3748-rc.write.1.tlog
C:\Users\MKDesen02\Documents\Physics2D_TCC\ColisaoTCC\Debug\link.3748.read.1.tlog
C:\Users\MKDesen02\Documents\Physics2D_TCC\ColisaoTCC\Debug\link.3748.write.1.tlog
C:\Users\MKDesen02\Documents\Physics2D_TCC\ColisaoTCC\Debug\link.3872-cvtres.read.1.tlog
C:\Users\MKDesen02\Documents\Physics2D_TCC\ColisaoTCC\Debug\link.3872-cvtres.write.1.tlog
C:\Users\MKDesen02\Documents\Physics2D_TCC\ColisaoTCC\Debug\link.3872-rc.read.1.tlog
C:\Users\MKDesen02\Documents\Physics2D_TCC\ColisaoTCC\Debug\link.3872-rc.write.1.tlog
C:\Users\MKDesen02\Documents\Physics2D_TCC\ColisaoTCC\Debug\link.3872.read.1.tlog
C:\Users\MKDesen02\Documents\Physics2D_TCC\ColisaoTCC\Debug\link.3872.write.1.tlog
C:\Users\MKDesen02\Documents\Physics2D_TCC\ColisaoTCC\Debug\link.4164-cvtres.read.1.tlog
C:\Users\MKDesen02\Documents\Physics2D_TCC\ColisaoTCC\Debug\link.4164-cvtres.write.1.tlog
C:\Users\MKDesen02\Documents\Physics2D_TCC\ColisaoTCC\Debug\link.4164-rc.read.1.tlog
C:\Users\MKDesen02\Documents\Physics2D_TCC\ColisaoTCC\Debug\link.4164-rc.write.1.tlog
C:\Users\MKDesen02\Documents\Physics2D_TCC\ColisaoTCC\Debug\link.4164.read.1.tlog
C:\Users\MKDesen02\Documents\Physics2D_TCC\ColisaoTCC\Debug\link.4164.write.1.tlog
C:\Users\MKDesen02\Documents\Physics2D_TCC\ColisaoTCC\Debug\link.5104-cvtres.read.1.tlog
C:\Users\MKDesen02\Documents\Physics2D_TCC\ColisaoTCC\Debug\link.5104-cvtres.write.1.tlog
C:\Users\MKDesen02\Documents\Physics2D_TCC\ColisaoTCC\Debug\link.5104-rc.read.1.tlog
C:\Users\MKDesen02\Documents\Physics2D_TCC\ColisaoTCC\Debug\link.5104-rc.write.1.tlog
C:\Users\MKDesen02\Documents\Physics2D_TCC\ColisaoTCC\Debug\link.5104.read.1.tlog
C:\Users\MKDesen02\Documents\Physics2D_TCC\ColisaoTCC\Debug\link.5104.write.1.tlog
C:\Users\MKDesen02\Documents\Physics2D_TCC\ColisaoTCC\Debug\link.6180-cvtres.read.1.tlog
C:\Users\MKDesen02\Documents\Physics2D_TCC\ColisaoTCC\Debug\link.6180-cvtres.write.1.tlog
C:\Users\MKDesen02\Documents\Physics2D_TCC\ColisaoTCC\Debug\link.6180-rc.read.1.tlog
C:\Users\MKDesen02\Documents\Physics2D_TCC\ColisaoTCC\Debug\link.6180-rc.write.1.tlog
C:\Users\MKDesen02\Documents\Physics2D_TCC\ColisaoTCC\Debug\link.6180.read.1.tlog
C:\Users\MKDesen02\Documents\Physics2D_TCC\ColisaoTCC\Debug\link.6180.write.1.tlog
C:\Users\MKDesen02\Documents\Physics2D_TCC\ColisaoTCC\Debug\link.6188-cvtres.read.1.tlog
C:\Users\MKDesen02\Documents\Physics2D_TCC\ColisaoTCC\Debug\link.6188-cvtres.write.1.tlog
C:\Users\MKDesen02\Documents\Physics2D_TCC\ColisaoTCC\Debug\link.6188-rc.read.1.tlog
C:\Users\MKDesen02\Documents\Physics2D_TCC\ColisaoTCC\Debug\link.6188-rc.write.1.tlog
C:\Users\MKDesen02\Documents\Physics2D_TCC\ColisaoTCC\Debug\link.6188.read.1.tlog
C:\Users\MKDesen02\Documents\Physics2D_TCC\ColisaoTCC\Debug\link.6188.write.1.tlog
C:\Users\MKDesen02\Documents\Physics2D_TCC\ColisaoTCC\Debug\link.7008-cvtres.read.1.tlog
C:\Users\MKDesen02\Documents\Physics2D_TCC\ColisaoTCC\Debug\link.7008-cvtres.write.1.tlog
C:\Users\MKDesen02\Documents\Physics2D_TCC\ColisaoTCC\Debug\link.7008-rc.read.1.tlog
C:\Users\MKDesen02\Documents\Physics2D_TCC\ColisaoTCC\Debug\link.7008-rc.write.1.tlog
C:\Users\MKDesen02\Documents\Physics2D_TCC\ColisaoTCC\Debug\link.7008.read.1.tlog
C:\Users\MKDesen02\Documents\Physics2D_TCC\ColisaoTCC\Debug\link.7008.write.1.tlog
C:\Users\MKDesen02\Documents\Physics2D_TCC\ColisaoTCC\Debug\link.7056-cvtres.read.1.tlog
C:\Users\MKDesen02\Documents\Physics2D_TCC\ColisaoTCC\Debug\link.7056-cvtres.write.1.tlog
C:\Users\MKDesen02\Documents\Physics2D_TCC\ColisaoTCC\Debug\link.7056-rc.read.1.tlog
C:\Users\MKDesen02\Documents\Physics2D_TCC\ColisaoTCC\Debug\link.7056-rc.write.1.tlog
C:\Users\MKDesen02\Documents\Physics2D_TCC\ColisaoTCC\Debug\link.7056.read.1.tlog
C:\Users\MKDesen02\Documents\Physics2D_TCC\ColisaoTCC\Debug\link.7056.write.1.tlog
C:\Users\MKDesen02\Documents\Physics2D_TCC\ColisaoTCC\Debug\link.7304-cvtres.read.1.tlog
C:\Users\MKDesen02\Documents\Physics2D_TCC\ColisaoTCC\Debug\link.7304-cvtres.write.1.tlog
C:\Users\MKDesen02\Documents\Physics2D_TCC\ColisaoTCC\Debug\link.7304-rc.read.1.tlog
C:\Users\MKDesen02\Documents\Physics2D_TCC\ColisaoTCC\Debug\link.7304-rc.write.1.tlog
C:\Users\MKDesen02\Documents\Physics2D_TCC\ColisaoTCC\Debug\link.7304.read.1.tlog
C:\Users\MKDesen02\Documents\Physics2D_TCC\ColisaoTCC\Debug\link.7304.write.1.tlog
C:\Users\MKDesen02\Documents\Physics2D_TCC\ColisaoTCC\Debug\link.7428-cvtres.read.1.tlog
C:\Users\MKDesen02\Documents\Physics2D_TCC\ColisaoTCC\Debug\link.7428-cvtres.write.1.tlog
C:\Users\MKDesen02\Documents\Physics2D_TCC\ColisaoTCC\Debug\link.7428-rc.read.1.tlog
C:\Users\MKDesen02\Documents\Physics2D_TCC\ColisaoTCC\Debug\link.7428-rc.write.1.tlog
C:\Users\MKDesen02\Documents\Physics2D_TCC\ColisaoTCC\Debug\link.7428.read.1.tlog
C:\Users\MKDesen02\Documents\Physics2D_TCC\ColisaoTCC\Debug\link.7428.write.1.tlog
C:\Users\MKDesen02\Documents\Physics2D_TCC\ColisaoTCC\Debug\link.8820-cvtres.read.1.tlog
C:\Users\MKDesen02\Documents\Physics2D_TCC\ColisaoTCC\Debug\link.8820-cvtres.write.1.tlog
C:\Users\MKDesen02\Documents\Physics2D_TCC\ColisaoTCC\Debug\link.8820-rc.read.1.tlog
C:\Users\MKDesen02\Documents\Physics2D_TCC\ColisaoTCC\Debug\link.8820-rc.write.1.tlog
C:\Users\MKDesen02\Documents\Physics2D_TCC\ColisaoTCC\Debug\link.8820.read.1.tlog
C:\Users\MKDesen02\Documents\Physics2D_TCC\ColisaoTCC\Debug\link.8820.write.1.tlog
C:\Users\MKDesen02\Documents\Physics2D_TCC\ColisaoTCC\Debug\link.8920-cvtres.read.1.tlog
C:\Users\MKDesen02\Documents\Physics2D_TCC\ColisaoTCC\Debug\link.8920-cvtres.write.1.tlog
C:\Users\MKDesen02\Documents\Physics2D_TCC\ColisaoTCC\Debug\link.8920-rc.read.1.tlog
C:\Users\MKDesen02\Documents\Physics2D_TCC\ColisaoTCC\Debug\link.8920-rc.write.1.tlog
C:\Users\MKDesen02\Documents\Physics2D_TCC\ColisaoTCC\Debug\link.8920.read.1.tlog
C:\Users\MKDesen02\Documents\Physics2D_TCC\ColisaoTCC\Debug\link.8920.write.1.tlog
C:\Users\MKDesen02\Documents\Physics2D_TCC\ColisaoTCC\Debug\link.9156-cvtres.read.1.tlog
C:\Users\MKDesen02\Documents\Physics2D_TCC\ColisaoTCC\Debug\link.9156-cvtres.write.1.tlog
C:\Users\MKDesen02\Documents\Physics2D_TCC\ColisaoTCC\Debug\link.9156-rc.read.1.tlog
C:\Users\MKDesen02\Documents\Physics2D_TCC\ColisaoTCC\Debug\link.9156-rc.write.1.tlog
C:\Users\MKDesen02\Documents\Physics2D_TCC\ColisaoTCC\Debug\link.9156.read.1.tlog
C:\Users\MKDesen02\Documents\Physics2D_TCC\ColisaoTCC\Debug\link.9156.write.1.tlog
C:\Users\MKDesen02\Documents\Physics2D_TCC\ColisaoTCC\Debug\link.command.1.tlog
C:\Users\MKDesen02\Documents\Physics2D_TCC\ColisaoTCC\Debug\link.read.1.tlog
C:\Users\MKDesen02\Documents\Physics2D_TCC\ColisaoTCC\Debug\link.write.1.tlog
C:\Users\MKDesen02\Documents\Physics2D_TCC\ColisaoTCC\Debug\vc110.idb
C:\Users\MKDesen02\Documents\Physics2D_TCC\ColisaoTCC\Debug\vc110.pdb
C:\Users\MKDesen02\Documents\Physics2D_TCC\Debug\ColisaoTCC.pdb
C:\Users\MKDesen02\Documents\Physics2D_TCC\Debug\ColisaoTCC.exe
C:\Users\MKDesen02\Documents\Physics2D_TCC\Debug\ColisaoTCC.ilk
