Build started 30/06/2014 11:10:12.
     1>Project "C:\Users\MKDesen02\Documents\Physics2D_TCC\ColisaoTCC\ColisaoTCC.vcxproj" on node 2 (Build target(s)).
     1>ClCompile:
         C:\Program Files (x86)\Microsoft Visual Studio 11.0\VC\bin\CL.exe /c /ZI /nologo /W3 /WX- /sdl /Od /Oy- /D WIN32 /D _DEBUG /D _CONSOLE /D _UNICODE /D UNICODE /Gm /EHsc /RTC1 /MDd /GS /fp:precise /Zc:wchar_t /Zc:forScope /Fo"Debug\\" /Fd"Debug\vc110.pdb" /Gd /TP /analyze- /errorReport:prompt Ball.cpp Box2DeX.cpp Core.cpp GameObject.cpp GradeUniforme.cpp QuadTree.cpp Scene.cpp main.cpp
         main.cpp
         Generating Code...
     1>cl : Command line warning D9028: minimal rebuild failure, reverting to normal build
         Compiling...
         Ball.cpp
     1>c:\users\mkdesen02\documents\physics2d_tcc\colisaotcc\ball.cpp(155): warning C4390: ';' : empty controlled statement found; is this the intent?
         Box2DeX.cpp
         Core.cpp
         GameObject.cpp
     1>c:\users\mkdesen02\documents\physics2d_tcc\colisaotcc\gameobject.cpp(67): warning C4101: 'vY' : unreferenced local variable
     1>c:\users\mkdesen02\documents\physics2d_tcc\colisaotcc\gameobject.cpp(66): warning C4101: 'vX' : unreferenced local variable
     1>c:\users\mkdesen02\documents\physics2d_tcc\colisaotcc\gameobject.cpp(158): warning C4101: 'mod_Object' : unreferenced local variable
     1>c:\users\mkdesen02\documents\physics2d_tcc\colisaotcc\gameobject.cpp(158): warning C4101: 'vRy_Object' : unreferenced local variable
     1>c:\users\mkdesen02\documents\physics2d_tcc\colisaotcc\gameobject.cpp(158): warning C4101: 'vRy' : unreferenced local variable
     1>c:\users\mkdesen02\documents\physics2d_tcc\colisaotcc\gameobject.cpp(158): warning C4101: 'vRx' : unreferenced local variable
     1>c:\users\mkdesen02\documents\physics2d_tcc\colisaotcc\gameobject.cpp(158): warning C4101: 'vX_Object' : unreferenced local variable
     1>c:\users\mkdesen02\documents\physics2d_tcc\colisaotcc\gameobject.cpp(158): warning C4101: 'vY_Object' : unreferenced local variable
     1>c:\users\mkdesen02\documents\physics2d_tcc\colisaotcc\gameobject.cpp(161): warning C4101: 'theta_Object' : unreferenced local variable
     1>c:\users\mkdesen02\documents\physics2d_tcc\colisaotcc\gameobject.cpp(158): warning C4101: 'vY' : unreferenced local variable
     1>c:\users\mkdesen02\documents\physics2d_tcc\colisaotcc\gameobject.cpp(161): warning C4101: 'theta' : unreferenced local variable
     1>c:\users\mkdesen02\documents\physics2d_tcc\colisaotcc\gameobject.cpp(158): warning C4101: 'vRx_Object' : unreferenced local variable
     1>c:\users\mkdesen02\documents\physics2d_tcc\colisaotcc\gameobject.cpp(158): warning C4101: 'modR_Object' : unreferenced local variable
     1>c:\users\mkdesen02\documents\physics2d_tcc\colisaotcc\gameobject.cpp(158): warning C4101: 'modR' : unreferenced local variable
     1>c:\users\mkdesen02\documents\physics2d_tcc\colisaotcc\gameobject.cpp(158): warning C4101: 'mod' : unreferenced local variable
     1>c:\users\mkdesen02\documents\physics2d_tcc\colisaotcc\gameobject.cpp(158): warning C4101: 'vX' : unreferenced local variable
         GradeUniforme.cpp
         QuadTree.cpp
         Scene.cpp
         Generating Code...
       Link:
         C:\Program Files (x86)\Microsoft Visual Studio 11.0\VC\bin\link.exe /ERRORREPORT:PROMPT /OUT:"C:\Users\MKDesen02\Documents\Physics2D_TCC\Debug\ColisaoTCC.exe" /INCREMENTAL /NOLOGO "allegro-5.0.7-monolith-md-debug.lib" Box2D.lib kernel32.lib user32.lib gdi32.lib winspool.lib comdlg32.lib advapi32.lib shell32.lib ole32.lib oleaut32.lib uuid.lib odbc32.lib odbccp32.lib /ASSEMBLYRESOURCE:Debug\ColisaoTCC.Resource.resources /MANIFEST /MANIFESTUAC:"level='asInvoker' uiAccess='false'" /manifest:embed /DEBUG /PDB:"C:\Users\MKDesen02\Documents\Physics2D_TCC\Debug\ColisaoTCC.pdb" /SUBSYSTEM:CONSOLE /TLBID:1 /DYNAMICBASE /NXCOMPAT /IMPLIB:"C:\Users\MKDesen02\Documents\Physics2D_TCC\Debug\ColisaoTCC.lib" /MACHINE:X86 Debug\Ball.obj
         Debug\Box2DeX.obj
         Debug\Core.obj
         Debug\GameObject.obj
         Debug\GradeUniforme.obj
         Debug\main.obj
         Debug\QuadTree.obj
         Debug\Scene.obj
         Debug\Vector.obj
         LINK : C:\Users\MKDesen02\Documents\Physics2D_TCC\Debug\ColisaoTCC.exe not found or not built by the last incremental link; performing full link
         ColisaoTCC.vcxproj -> C:\Users\MKDesen02\Documents\Physics2D_TCC\Debug\ColisaoTCC.exe
     1>Done Building Project "C:\Users\MKDesen02\Documents\Physics2D_TCC\ColisaoTCC\ColisaoTCC.vcxproj" (Build target(s)).

Build succeeded.

Time Elapsed 00:00:09.36
